[03:19:23] [main/INFO]: Environment: authHost='https://authserver.mojang.com', accountsHost='https://api.mojang.com', sessionHost='https://sessionserver.mojang.com', servicesHost='https://api.minecraftservices.com', name='PROD'
[03:19:23] [main/INFO]: Reloading ResourceManager: Default, bukkit
[03:19:24] [Worker-Main-1/INFO]: Loaded 7 recipes
[03:19:24] [Server thread/INFO]: Starting minecraft server version 1.16.5
[03:19:24] [Server thread/INFO]: Loading properties
[03:19:24] [Server thread/INFO]: This server is running Paper version git-Paper-794 (MC: 1.16.5) (Implementing API version 1.16.5-R0.1-SNAPSHOT)
[03:19:24] [Server thread/INFO]: Debug logging is disabled
[03:19:24] [Server thread/INFO]: Server Ping Player Sample Count: 12
[03:19:24] [Server thread/INFO]: Using 4 threads for Netty based IO
[03:19:24] [Server thread/INFO]: Default game type: SURVIVAL
[03:19:24] [Server thread/INFO]: Generating keypair
[03:19:24] [Server thread/INFO]: Starting Minecraft server on *:25575
[03:19:24] [Server thread/INFO]: Using epoll channel type
[03:19:25] [Server thread/ERROR]: Ambiguous plugin name `WorldGuard' for files `plugins/worldguard-bukkit-7.0.5-dist.jar' and `plugins/worldguard-bukkit-7.0.7-dist.jar' in `plugins'
[03:19:25] [Server thread/ERROR]: Ambiguous plugin name `TAB' for files `plugins/TAB v4.0.3 (1).jar' and `plugins/TAB v4.0.3.jar' in `plugins'
[03:19:25] [Server thread/INFO]: [DecentHolograms] Loading DecentHolograms v2.8.3
[03:19:25] [Server thread/INFO]: [ViaVersion] Loading ViaVersion v4.9.2
[03:19:25] [Server thread/INFO]: [ViaVersion] ViaVersion 4.9.2 is now loaded. Registering protocol transformers and injecting...
[03:19:25] [Via-Mappingloader-0/INFO]: [ViaVersion] Loading block connection mappings ...
[03:19:25] [Server thread/INFO]: [LuckPerms] Loading LuckPerms v5.4.40
[03:19:25] [Via-Mappingloader-0/INFO]: [ViaVersion] Using FastUtil Long2ObjectOpenHashMap for block connections
[03:19:25] [Server thread/INFO]: [TAB] Loading TAB v4.0.3
[03:19:25] [Server thread/INFO]: [Vault] Loading Vault v1.7.3-b131
[03:19:25] [Server thread/INFO]: [LPC] Loading LPC v3.6.0
[03:19:25] [Server thread/INFO]: [Multiverse-Core] Loading Multiverse-Core v4.3.1-b861
[03:19:25] [Server thread/INFO]: [WorldEdit] Loading WorldEdit v7.2.13+46576cc
[03:19:26] [Server thread/INFO]: Got request to register class com.sk89q.worldedit.bukkit.BukkitServerInterface with WorldEdit [com.sk89q.worldedit.extension.platform.PlatformManager@13fe3e77]
[03:19:26] [Server thread/INFO]: [Essentials] Loading Essentials v2.21.0-dev+13-ee1111f
[03:19:26] [Server thread/INFO]: [EssentialsSpawn] Loading EssentialsSpawn v2.21.0-dev+9-e3e52db
[03:19:26] [Server thread/INFO]: [WorldGuard] Loading WorldGuard v7.0.5+3827266
[03:19:26] [Server thread/INFO]: [WESV] Loading WorldEditSelectionVisualizer v2.1.5
[03:19:26] [Server thread/INFO]: [Citizens] Loading Citizens v2.0.33-SNAPSHOT (build 3316)
[03:19:26] [Server thread/INFO]: [Skript] Loading Skript v2.7.0-beta2
[03:19:26] [Server thread/INFO]: [skRayFall] Loading skRayFall v1.9.28
[03:19:26] [Server thread/INFO]: Server permissions file permissions.yml is empty, ignoring it
[03:19:26] [Server thread/INFO]: [LuckPerms] Enabling LuckPerms v5.4.40
[03:19:26] [Server thread/INFO]:         __    
[03:19:26] [Server thread/INFO]:   |    |__)   LuckPerms v5.4.40
[03:19:26] [Server thread/INFO]:   |___ |      Running on Bukkit - Paper
[03:19:26] [Server thread/INFO]: 
[03:19:26] [Server thread/INFO]: [LuckPerms] Loading configuration...
[03:19:26] [Server thread/INFO]: [LuckPerms] Loading storage provider... [H2]
[03:19:26] [Server thread/INFO]: [LuckPerms] Loading internal permission managers...
[03:19:26] [Server thread/INFO]: [LuckPerms] Performing initial data load...
[03:19:27] [Server thread/INFO]: [LuckPerms] Successfully enabled. (took 794ms)
[03:19:27] [Server thread/INFO]: [Vault] Enabling Vault v1.7.3-b131
[03:19:27] [Server thread/WARN]: [Vault] Loaded class com.earth2me.essentials.api.Economy from Essentials v2.21.0-dev+13-ee1111f which is not a depend, softdepend or loadbefore of this plugin.
[03:19:27] [Server thread/INFO]: [Vault] [Economy] Essentials Economy found: Waiting
[03:19:27] [Server thread/INFO]: [Vault] [Permission] SuperPermissions loaded as backup permission system.
[03:19:27] [Server thread/INFO]: [Vault] Enabled Version 1.7.3-b131
[03:19:27] [Server thread/INFO]: [LuckPerms] Registered Vault permission & chat hook.
[03:19:27] [Server thread/INFO]: [WorldEdit] Enabling WorldEdit v7.2.13+46576cc
[03:19:27] [Server thread/INFO]: Registering commands with com.sk89q.worldedit.bukkit.BukkitServerInterface
[03:19:27] [Server thread/INFO]: WEPIF: Vault detected! Using Vault for permissions
[03:19:27] [Server thread/INFO]: Using com.sk89q.worldedit.bukkit.adapter.impl.Spigot_v1_16_R3 as the Bukkit adapter
[03:19:28] [Server thread/WARN]: **** SERVER IS RUNNING IN OFFLINE/INSECURE MODE!
[03:19:28] [Server thread/WARN]: The server will make no attempt to authenticate usernames. Beware.
[03:19:28] [Server thread/WARN]: Whilst this makes it possible to use BungeeCord, unless access to your server is properly restricted, it also opens up the ability for hackers to connect with any username they choose.
[03:19:28] [Server thread/WARN]: Please see http://www.spigotmc.org/wiki/firewall-guide/ for further information.
[03:19:28] [Server thread/WARN]: To change this, set "online-mode" to "true" in the server.properties file.
[03:19:28] [Server thread/INFO]: Preparing level "World_1"
[03:19:28] [Server thread/INFO]: -------- World Settings For [World_1] --------
[03:19:28] [Server thread/INFO]: Experience Merge Radius: 3.0
[03:19:28] [Server thread/INFO]: Cactus Growth Modifier: 100%
[03:19:28] [Server thread/INFO]: Cane Growth Modifier: 100%
[03:19:28] [Server thread/INFO]: Melon Growth Modifier: 100%
[03:19:28] [Server thread/INFO]: Mushroom Growth Modifier: 100%
[03:19:28] [Server thread/INFO]: Pumpkin Growth Modifier: 100%
[03:19:28] [Server thread/INFO]: Sapling Growth Modifier: 100%
[03:19:28] [Server thread/INFO]: Beetroot Growth Modifier: 100%
[03:19:28] [Server thread/INFO]: Carrot Growth Modifier: 100%
[03:19:28] [Server thread/INFO]: Potato Growth Modifier: 100%
[03:19:28] [Server thread/INFO]: Wheat Growth Modifier: 100%
[03:19:28] [Server thread/INFO]: NetherWart Growth Modifier: 100%
[03:19:28] [Server thread/INFO]: Vine Growth Modifier: 100%
[03:19:28] [Server thread/INFO]: Cocoa Growth Modifier: 100%
[03:19:28] [Server thread/INFO]: Bamboo Growth Modifier: 100%
[03:19:28] [Server thread/INFO]: SweetBerry Growth Modifier: 100%
[03:19:28] [Server thread/INFO]: Kelp Growth Modifier: 100%
[03:19:28] [Server thread/INFO]: Entity Activation Range: An 32 / Mo 32 / Ra 48 / Mi 16 / Tiv true
[03:19:28] [Server thread/INFO]: Hopper Transfer: 8 Hopper Check: 1 Hopper Amount: 1
[03:19:28] [Server thread/INFO]: Custom Map Seeds:  Village: 10387312 Desert: 14357617 Igloo: 14357618 Jungle: 14357619 Swamp: 14357620 Monument: 10387313 Ocean: 14357621 Shipwreck: 165745295 End City: 10387313 Slime: 987234911 Bastion: 30084232 Fortress: 30084232 Mansion: 10387319 Fossil: 14357921 Portal: 34222645
[03:19:28] [Server thread/INFO]: Max TNT Explosions: 100
[03:19:28] [Server thread/INFO]: Tile Max Tick Time: 50ms Entity max Tick Time: 50ms
[03:19:28] [Server thread/INFO]: Entity Tracking Range: Pl 48 / An 48 / Mo 48 / Mi 32 / Other 64
[03:19:28] [Server thread/INFO]: Allow Zombie Pigmen to spawn from portal blocks: true
[03:19:28] [Server thread/INFO]: Item Merge Radius: 2.5
[03:19:28] [Server thread/INFO]: Item Despawn Rate: 6000
[03:19:28] [Server thread/INFO]: View Distance: 6
[03:19:28] [Server thread/INFO]: Arrow Despawn Rate: 1200 Trident Respawn Rate:1200
[03:19:28] [Server thread/INFO]: Zombie Aggressive Towards Villager: true
[03:19:28] [Server thread/INFO]: Nerfing mobs spawned from spawners: false
[03:19:28] [Server thread/INFO]: Mob Spawn Range: 4
[03:19:28] [Server thread/INFO]: -------- World Settings For [World_1_nether] --------
[03:19:28] [Server thread/INFO]: Experience Merge Radius: 3.0
[03:19:28] [Server thread/INFO]: Cactus Growth Modifier: 100%
[03:19:28] [Server thread/INFO]: Cane Growth Modifier: 100%
[03:19:28] [Server thread/INFO]: Melon Growth Modifier: 100%
[03:19:28] [Server thread/INFO]: Mushroom Growth Modifier: 100%
[03:19:28] [Server thread/INFO]: Pumpkin Growth Modifier: 100%
[03:19:28] [Server thread/INFO]: Sapling Growth Modifier: 100%
[03:19:28] [Server thread/INFO]: Beetroot Growth Modifier: 100%
[03:19:28] [Server thread/INFO]: Carrot Growth Modifier: 100%
[03:19:28] [Server thread/INFO]: Potato Growth Modifier: 100%
[03:19:28] [Server thread/INFO]: Wheat Growth Modifier: 100%
[03:19:28] [Server thread/INFO]: NetherWart Growth Modifier: 100%
[03:19:28] [Server thread/INFO]: Vine Growth Modifier: 100%
[03:19:28] [Server thread/INFO]: Cocoa Growth Modifier: 100%
[03:19:28] [Server thread/INFO]: Bamboo Growth Modifier: 100%
[03:19:28] [Server thread/INFO]: SweetBerry Growth Modifier: 100%
[03:19:28] [Server thread/INFO]: Kelp Growth Modifier: 100%
[03:19:28] [Server thread/INFO]: Entity Activation Range: An 32 / Mo 32 / Ra 48 / Mi 16 / Tiv true
[03:19:28] [Server thread/INFO]: Hopper Transfer: 8 Hopper Check: 1 Hopper Amount: 1
[03:19:28] [Server thread/INFO]: Custom Map Seeds:  Village: 10387312 Desert: 14357617 Igloo: 14357618 Jungle: 14357619 Swamp: 14357620 Monument: 10387313 Ocean: 14357621 Shipwreck: 165745295 End City: 10387313 Slime: 987234911 Bastion: 30084232 Fortress: 30084232 Mansion: 10387319 Fossil: 14357921 Portal: 34222645
[03:19:28] [Server thread/INFO]: Max TNT Explosions: 100
[03:19:28] [Server thread/INFO]: Tile Max Tick Time: 50ms Entity max Tick Time: 50ms
[03:19:28] [Server thread/INFO]: Entity Tracking Range: Pl 48 / An 48 / Mo 48 / Mi 32 / Other 64
[03:19:28] [Server thread/INFO]: Allow Zombie Pigmen to spawn from portal blocks: true
[03:19:28] [Server thread/INFO]: Item Merge Radius: 2.5
[03:19:28] [Server thread/INFO]: Item Despawn Rate: 6000
[03:19:28] [Server thread/INFO]: View Distance: 6
[03:19:28] [Server thread/INFO]: Arrow Despawn Rate: 1200 Trident Respawn Rate:1200
[03:19:28] [Server thread/INFO]: Zombie Aggressive Towards Villager: true
[03:19:28] [Server thread/INFO]: Nerfing mobs spawned from spawners: false
[03:19:28] [Server thread/INFO]: Mob Spawn Range: 4
[03:19:28] [Server thread/INFO]: -------- World Settings For [World_1_the_end] --------
[03:19:28] [Server thread/INFO]: Experience Merge Radius: 3.0
[03:19:28] [Server thread/INFO]: Cactus Growth Modifier: 100%
[03:19:28] [Server thread/INFO]: Cane Growth Modifier: 100%
[03:19:28] [Server thread/INFO]: Melon Growth Modifier: 100%
[03:19:28] [Server thread/INFO]: Mushroom Growth Modifier: 100%
[03:19:28] [Server thread/INFO]: Pumpkin Growth Modifier: 100%
[03:19:28] [Server thread/INFO]: Sapling Growth Modifier: 100%
[03:19:28] [Server thread/INFO]: Beetroot Growth Modifier: 100%
[03:19:28] [Server thread/INFO]: Carrot Growth Modifier: 100%
[03:19:28] [Server thread/INFO]: Potato Growth Modifier: 100%
[03:19:28] [Server thread/INFO]: Wheat Growth Modifier: 100%
[03:19:28] [Server thread/INFO]: NetherWart Growth Modifier: 100%
[03:19:28] [Server thread/INFO]: Vine Growth Modifier: 100%
[03:19:28] [Server thread/INFO]: Cocoa Growth Modifier: 100%
[03:19:28] [Server thread/INFO]: Bamboo Growth Modifier: 100%
[03:19:28] [Server thread/INFO]: SweetBerry Growth Modifier: 100%
[03:19:28] [Server thread/INFO]: Kelp Growth Modifier: 100%
[03:19:28] [Server thread/INFO]: Entity Activation Range: An 32 / Mo 32 / Ra 48 / Mi 16 / Tiv true
[03:19:28] [Server thread/INFO]: Hopper Transfer: 8 Hopper Check: 1 Hopper Amount: 1
[03:19:28] [Server thread/INFO]: Custom Map Seeds:  Village: 10387312 Desert: 14357617 Igloo: 14357618 Jungle: 14357619 Swamp: 14357620 Monument: 10387313 Ocean: 14357621 Shipwreck: 165745295 End City: 10387313 Slime: 987234911 Bastion: 30084232 Fortress: 30084232 Mansion: 10387319 Fossil: 14357921 Portal: 34222645
[03:19:28] [Server thread/INFO]: Max TNT Explosions: 100
[03:19:28] [Server thread/INFO]: Tile Max Tick Time: 50ms Entity max Tick Time: 50ms
[03:19:28] [Server thread/INFO]: Entity Tracking Range: Pl 48 / An 48 / Mo 48 / Mi 32 / Other 64
[03:19:28] [Server thread/INFO]: Allow Zombie Pigmen to spawn from portal blocks: true
[03:19:28] [Server thread/INFO]: Item Merge Radius: 2.5
[03:19:28] [Server thread/INFO]: Item Despawn Rate: 6000
[03:19:28] [Server thread/INFO]: View Distance: 6
[03:19:28] [Server thread/INFO]: Arrow Despawn Rate: 1200 Trident Respawn Rate:1200
[03:19:28] [Server thread/INFO]: Zombie Aggressive Towards Villager: true
[03:19:28] [Server thread/INFO]: Nerfing mobs spawned from spawners: false
[03:19:28] [Server thread/INFO]: Mob Spawn Range: 4
[03:19:28] [Server thread/INFO]: Preparing start region for dimension minecraft:overworld
[03:19:28] [Server thread/INFO]: Preparing spawn area: 0%
[03:19:28] [Server thread/INFO]: Time elapsed: 197 ms
[03:19:28] [Server thread/INFO]: Preparing start region for dimension minecraft:the_nether
[03:19:28] [Server thread/INFO]: Time elapsed: 103 ms
[03:19:28] [Server thread/INFO]: Preparing start region for dimension minecraft:the_end
[03:19:28] [Server thread/INFO]: Time elapsed: 92 ms
[03:19:28] [Server thread/INFO]: [DecentHolograms] Enabling DecentHolograms v2.8.3
[03:19:28] [Server thread/INFO]: [ViaVersion] Enabling ViaVersion v4.9.2
[03:19:28] [Server thread/INFO]: [ViaVersion] ViaVersion detected server version: 1.16.4/5 (754)
[03:19:28] [Server thread/WARN]: [ViaVersion] You are running an outdated Java version, please consider updating it to at least Java 17 (your version is 16.0.2). At some point in the future, ViaVersion will no longer be compatible with this version of Java.
[03:19:29] [Server thread/INFO]: [TAB] Enabling TAB v4.0.3
[03:19:29] [Server thread/INFO]: [TAB] Server version: 1.16.5 (v1_16_R3)
[03:19:29] [Server thread/INFO]: [TAB] Loaded NMS hook in 20ms
[03:19:29] [Server thread/INFO]: [TAB] Enabled in 204ms
[03:19:29] [Server thread/INFO]: [LPC] Enabling LPC v3.6.0
[03:19:29] [Server thread/INFO]: [Multiverse-Core] Enabling Multiverse-Core v4.3.1-b861
[03:19:29] [Server thread/WARN]: [Multiverse-Core] "Multiverse-Core v4.3.1-b861" has registered a listener for org.bukkit.event.entity.EntityCreatePortalEvent on method "public void com.onarandombox.MultiverseCore.listeners.MVPortalListener.entityPortalCreate(org.bukkit.event.entity.EntityCreatePortalEvent)", but the event is Deprecated. "Server performance will be affected"; please notify the authors [dumptruckman, Rigby, fernferret, lithium3141, main--].
[03:19:29] [Server thread/INFO]: [Multiverse-Core] We are aware of the warning about the deprecated event. There is no alternative that allows us to do what we need to do and performance impact is negligible. It is safe to ignore.
[03:19:29] [Server thread/INFO]: -------- World Settings For [flatroom] --------
[03:19:29] [Server thread/INFO]: Experience Merge Radius: 3.0
[03:19:29] [Server thread/INFO]: Cactus Growth Modifier: 100%
[03:19:29] [Server thread/INFO]: Cane Growth Modifier: 100%
[03:19:29] [Server thread/INFO]: Melon Growth Modifier: 100%
[03:19:29] [Server thread/INFO]: Mushroom Growth Modifier: 100%
[03:19:29] [Server thread/INFO]: Pumpkin Growth Modifier: 100%
[03:19:29] [Server thread/INFO]: Sapling Growth Modifier: 100%
[03:19:29] [Server thread/INFO]: Beetroot Growth Modifier: 100%
[03:19:29] [Server thread/INFO]: Carrot Growth Modifier: 100%
[03:19:29] [Server thread/INFO]: Potato Growth Modifier: 100%
[03:19:29] [Server thread/INFO]: Wheat Growth Modifier: 100%
[03:19:29] [Server thread/INFO]: NetherWart Growth Modifier: 100%
[03:19:29] [Server thread/INFO]: Vine Growth Modifier: 100%
[03:19:29] [Server thread/INFO]: Cocoa Growth Modifier: 100%
[03:19:29] [Server thread/INFO]: Bamboo Growth Modifier: 100%
[03:19:29] [Server thread/INFO]: SweetBerry Growth Modifier: 100%
[03:19:29] [Server thread/INFO]: Kelp Growth Modifier: 100%
[03:19:29] [Server thread/INFO]: Entity Activation Range: An 32 / Mo 32 / Ra 48 / Mi 16 / Tiv true
[03:19:29] [Server thread/INFO]: Hopper Transfer: 8 Hopper Check: 1 Hopper Amount: 1
[03:19:29] [Server thread/INFO]: Custom Map Seeds:  Village: 10387312 Desert: 14357617 Igloo: 14357618 Jungle: 14357619 Swamp: 14357620 Monument: 10387313 Ocean: 14357621 Shipwreck: 165745295 End City: 10387313 Slime: 987234911 Bastion: 30084232 Fortress: 30084232 Mansion: 10387319 Fossil: 14357921 Portal: 34222645
[03:19:29] [Server thread/INFO]: Max TNT Explosions: 100
[03:19:29] [Server thread/INFO]: Tile Max Tick Time: 50ms Entity max Tick Time: 50ms
[03:19:29] [Server thread/INFO]: Entity Tracking Range: Pl 48 / An 48 / Mo 48 / Mi 32 / Other 64
[03:19:29] [Server thread/INFO]: Allow Zombie Pigmen to spawn from portal blocks: true
[03:19:29] [Server thread/INFO]: Item Merge Radius: 2.5
[03:19:29] [Server thread/INFO]: Item Despawn Rate: 6000
[03:19:29] [Server thread/INFO]: View Distance: 6
[03:19:29] [Server thread/INFO]: Arrow Despawn Rate: 1200 Trident Respawn Rate:1200
[03:19:29] [Server thread/INFO]: Zombie Aggressive Towards Villager: true
[03:19:29] [Server thread/INFO]: Nerfing mobs spawned from spawners: false
[03:19:29] [Server thread/INFO]: Mob Spawn Range: 4
[03:19:29] [Server thread/INFO]: Preparing start region for dimension minecraft:flatroom
[03:19:29] [Server thread/INFO]: Preparing spawn area: 0%
[03:19:30] [Server thread/INFO]: Time elapsed: 495 ms
[03:19:30] [Server thread/INFO]: -------- World Settings For [world] --------
[03:19:30] [Server thread/INFO]: Experience Merge Radius: 3.0
[03:19:30] [Server thread/INFO]: Cactus Growth Modifier: 100%
[03:19:30] [Server thread/INFO]: Cane Growth Modifier: 100%
[03:19:30] [Server thread/INFO]: Melon Growth Modifier: 100%
[03:19:30] [Server thread/INFO]: Mushroom Growth Modifier: 100%
[03:19:30] [Server thread/INFO]: Pumpkin Growth Modifier: 100%
[03:19:30] [Server thread/INFO]: Sapling Growth Modifier: 100%
[03:19:30] [Server thread/INFO]: Beetroot Growth Modifier: 100%
[03:19:30] [Server thread/INFO]: Carrot Growth Modifier: 100%
[03:19:30] [Server thread/INFO]: Potato Growth Modifier: 100%
[03:19:30] [Server thread/INFO]: Wheat Growth Modifier: 100%
[03:19:30] [Server thread/INFO]: NetherWart Growth Modifier: 100%
[03:19:30] [Server thread/INFO]: Vine Growth Modifier: 100%
[03:19:30] [Server thread/INFO]: Cocoa Growth Modifier: 100%
[03:19:30] [Server thread/INFO]: Bamboo Growth Modifier: 100%
[03:19:30] [Server thread/INFO]: SweetBerry Growth Modifier: 100%
[03:19:30] [Server thread/INFO]: Kelp Growth Modifier: 100%
[03:19:30] [Server thread/INFO]: Entity Activation Range: An 32 / Mo 32 / Ra 48 / Mi 16 / Tiv true
[03:19:30] [Server thread/INFO]: Hopper Transfer: 8 Hopper Check: 1 Hopper Amount: 1
[03:19:30] [Server thread/INFO]: Custom Map Seeds:  Village: 10387312 Desert: 14357617 Igloo: 14357618 Jungle: 14357619 Swamp: 14357620 Monument: 10387313 Ocean: 14357621 Shipwreck: 165745295 End City: 10387313 Slime: 987234911 Bastion: 30084232 Fortress: 30084232 Mansion: 10387319 Fossil: 14357921 Portal: 34222645
[03:19:30] [Server thread/INFO]: Max TNT Explosions: 100
[03:19:30] [Server thread/INFO]: Tile Max Tick Time: 50ms Entity max Tick Time: 50ms
[03:19:30] [Server thread/INFO]: Entity Tracking Range: Pl 48 / An 48 / Mo 48 / Mi 32 / Other 64
[03:19:30] [Server thread/INFO]: Allow Zombie Pigmen to spawn from portal blocks: true
[03:19:30] [Server thread/INFO]: Item Merge Radius: 2.5
[03:19:30] [Server thread/INFO]: Item Despawn Rate: 6000
[03:19:30] [Server thread/INFO]: View Distance: 6
[03:19:30] [Server thread/INFO]: Arrow Despawn Rate: 1200 Trident Respawn Rate:1200
[03:19:30] [Server thread/INFO]: Zombie Aggressive Towards Villager: true
[03:19:30] [Server thread/INFO]: Nerfing mobs spawned from spawners: false
[03:19:30] [Server thread/INFO]: Mob Spawn Range: 4
[03:19:30] [Server thread/INFO]: Preparing start region for dimension minecraft:world
[03:19:30] [Server thread/INFO]: Preparing spawn area: 0%
[03:19:30] [Server thread/INFO]: Time elapsed: 437 ms
[03:19:30] [Server thread/INFO]: -------- World Settings For [world_the_end] --------
[03:19:30] [Server thread/INFO]: Experience Merge Radius: 3.0
[03:19:30] [Server thread/INFO]: Cactus Growth Modifier: 100%
[03:19:30] [Server thread/INFO]: Cane Growth Modifier: 100%
[03:19:30] [Server thread/INFO]: Melon Growth Modifier: 100%
[03:19:30] [Server thread/INFO]: Mushroom Growth Modifier: 100%
[03:19:30] [Server thread/INFO]: Pumpkin Growth Modifier: 100%
[03:19:30] [Server thread/INFO]: Sapling Growth Modifier: 100%
[03:19:30] [Server thread/INFO]: Beetroot Growth Modifier: 100%
[03:19:30] [Server thread/INFO]: Carrot Growth Modifier: 100%
[03:19:30] [Server thread/INFO]: Potato Growth Modifier: 100%
[03:19:30] [Server thread/INFO]: Wheat Growth Modifier: 100%
[03:19:30] [Server thread/INFO]: NetherWart Growth Modifier: 100%
[03:19:30] [Server thread/INFO]: Vine Growth Modifier: 100%
[03:19:30] [Server thread/INFO]: Cocoa Growth Modifier: 100%
[03:19:30] [Server thread/INFO]: Bamboo Growth Modifier: 100%
[03:19:30] [Server thread/INFO]: SweetBerry Growth Modifier: 100%
[03:19:30] [Server thread/INFO]: Kelp Growth Modifier: 100%
[03:19:30] [Server thread/INFO]: Entity Activation Range: An 32 / Mo 32 / Ra 48 / Mi 16 / Tiv true
[03:19:30] [Server thread/INFO]: Hopper Transfer: 8 Hopper Check: 1 Hopper Amount: 1
[03:19:30] [Server thread/INFO]: Custom Map Seeds:  Village: 10387312 Desert: 14357617 Igloo: 14357618 Jungle: 14357619 Swamp: 14357620 Monument: 10387313 Ocean: 14357621 Shipwreck: 165745295 End City: 10387313 Slime: 987234911 Bastion: 30084232 Fortress: 30084232 Mansion: 10387319 Fossil: 14357921 Portal: 34222645
[03:19:30] [Server thread/INFO]: Max TNT Explosions: 100
[03:19:30] [Server thread/INFO]: Tile Max Tick Time: 50ms Entity max Tick Time: 50ms
[03:19:30] [Server thread/INFO]: Entity Tracking Range: Pl 48 / An 48 / Mo 48 / Mi 32 / Other 64
[03:19:30] [Server thread/INFO]: Allow Zombie Pigmen to spawn from portal blocks: true
[03:19:30] [Server thread/INFO]: Item Merge Radius: 2.5
[03:19:30] [Server thread/INFO]: Item Despawn Rate: 6000
[03:19:30] [Server thread/INFO]: View Distance: 6
[03:19:30] [Server thread/INFO]: Arrow Despawn Rate: 1200 Trident Respawn Rate:1200
[03:19:30] [Server thread/INFO]: Zombie Aggressive Towards Villager: true
[03:19:30] [Server thread/INFO]: Nerfing mobs spawned from spawners: false
[03:19:30] [Server thread/INFO]: Mob Spawn Range: 4
[03:19:30] [Server thread/INFO]: Preparing start region for dimension minecraft:world_the_end
[03:19:30] [Server thread/INFO]: Time elapsed: 17 ms
[03:19:30] [Server thread/INFO]: -------- World Settings For [world_nether] --------
[03:19:30] [Server thread/INFO]: Experience Merge Radius: 3.0
[03:19:30] [Server thread/INFO]: Cactus Growth Modifier: 100%
[03:19:30] [Server thread/INFO]: Cane Growth Modifier: 100%
[03:19:30] [Server thread/INFO]: Melon Growth Modifier: 100%
[03:19:30] [Server thread/INFO]: Mushroom Growth Modifier: 100%
[03:19:30] [Server thread/INFO]: Pumpkin Growth Modifier: 100%
[03:19:30] [Server thread/INFO]: Sapling Growth Modifier: 100%
[03:19:30] [Server thread/INFO]: Beetroot Growth Modifier: 100%
[03:19:30] [Server thread/INFO]: Carrot Growth Modifier: 100%
[03:19:30] [Server thread/INFO]: Potato Growth Modifier: 100%
[03:19:30] [Server thread/INFO]: Wheat Growth Modifier: 100%
[03:19:30] [Server thread/INFO]: NetherWart Growth Modifier: 100%
[03:19:30] [Server thread/INFO]: Vine Growth Modifier: 100%
[03:19:30] [Server thread/INFO]: Cocoa Growth Modifier: 100%
[03:19:30] [Server thread/INFO]: Bamboo Growth Modifier: 100%
[03:19:30] [Server thread/INFO]: SweetBerry Growth Modifier: 100%
[03:19:30] [Server thread/INFO]: Kelp Growth Modifier: 100%
[03:19:30] [Server thread/INFO]: Entity Activation Range: An 32 / Mo 32 / Ra 48 / Mi 16 / Tiv true
[03:19:30] [Server thread/INFO]: Hopper Transfer: 8 Hopper Check: 1 Hopper Amount: 1
[03:19:30] [Server thread/INFO]: Custom Map Seeds:  Village: 10387312 Desert: 14357617 Igloo: 14357618 Jungle: 14357619 Swamp: 14357620 Monument: 10387313 Ocean: 14357621 Shipwreck: 165745295 End City: 10387313 Slime: 987234911 Bastion: 30084232 Fortress: 30084232 Mansion: 10387319 Fossil: 14357921 Portal: 34222645
[03:19:30] [Server thread/INFO]: Max TNT Explosions: 100
[03:19:30] [Server thread/INFO]: Tile Max Tick Time: 50ms Entity max Tick Time: 50ms
[03:19:30] [Server thread/INFO]: Entity Tracking Range: Pl 48 / An 48 / Mo 48 / Mi 32 / Other 64
[03:19:30] [Server thread/INFO]: Allow Zombie Pigmen to spawn from portal blocks: true
[03:19:30] [Server thread/INFO]: Item Merge Radius: 2.5
[03:19:30] [Server thread/INFO]: Item Despawn Rate: 6000
[03:19:30] [Server thread/INFO]: View Distance: 6
[03:19:30] [Server thread/INFO]: Arrow Despawn Rate: 1200 Trident Respawn Rate:1200
[03:19:30] [Server thread/INFO]: Zombie Aggressive Towards Villager: true
[03:19:30] [Server thread/INFO]: Nerfing mobs spawned from spawners: false
[03:19:30] [Server thread/INFO]: Mob Spawn Range: 4
[03:19:30] [Server thread/INFO]: Preparing start region for dimension minecraft:world_nether
[03:19:30] [Server thread/INFO]: Time elapsed: 60 ms
[03:19:30] [Server thread/INFO]: -------- World Settings For [arena] --------
[03:19:30] [Server thread/INFO]: Experience Merge Radius: 3.0
[03:19:30] [Server thread/INFO]: Cactus Growth Modifier: 100%
[03:19:30] [Server thread/INFO]: Cane Growth Modifier: 100%
[03:19:30] [Server thread/INFO]: Melon Growth Modifier: 100%
[03:19:30] [Server thread/INFO]: Mushroom Growth Modifier: 100%
[03:19:30] [Server thread/INFO]: Pumpkin Growth Modifier: 100%
[03:19:30] [Server thread/INFO]: Sapling Growth Modifier: 100%
[03:19:30] [Server thread/INFO]: Beetroot Growth Modifier: 100%
[03:19:30] [Server thread/INFO]: Carrot Growth Modifier: 100%
[03:19:30] [Server thread/INFO]: Potato Growth Modifier: 100%
[03:19:30] [Server thread/INFO]: Wheat Growth Modifier: 100%
[03:19:30] [Server thread/INFO]: NetherWart Growth Modifier: 100%
[03:19:30] [Server thread/INFO]: Vine Growth Modifier: 100%
[03:19:30] [Server thread/INFO]: Cocoa Growth Modifier: 100%
[03:19:30] [Server thread/INFO]: Bamboo Growth Modifier: 100%
[03:19:30] [Server thread/INFO]: SweetBerry Growth Modifier: 100%
[03:19:30] [Server thread/INFO]: Kelp Growth Modifier: 100%
[03:19:30] [Server thread/INFO]: Entity Activation Range: An 32 / Mo 32 / Ra 48 / Mi 16 / Tiv true
[03:19:30] [Server thread/INFO]: Hopper Transfer: 8 Hopper Check: 1 Hopper Amount: 1
[03:19:30] [Server thread/INFO]: Custom Map Seeds:  Village: 10387312 Desert: 14357617 Igloo: 14357618 Jungle: 14357619 Swamp: 14357620 Monument: 10387313 Ocean: 14357621 Shipwreck: 165745295 End City: 10387313 Slime: 987234911 Bastion: 30084232 Fortress: 30084232 Mansion: 10387319 Fossil: 14357921 Portal: 34222645
[03:19:30] [Server thread/INFO]: Max TNT Explosions: 100
[03:19:30] [Server thread/INFO]: Tile Max Tick Time: 50ms Entity max Tick Time: 50ms
[03:19:30] [Server thread/INFO]: Entity Tracking Range: Pl 48 / An 48 / Mo 48 / Mi 32 / Other 64
[03:19:30] [Server thread/INFO]: Allow Zombie Pigmen to spawn from portal blocks: true
[03:19:30] [Server thread/INFO]: Item Merge Radius: 2.5
[03:19:30] [Server thread/INFO]: Item Despawn Rate: 6000
[03:19:30] [Server thread/INFO]: View Distance: 6
[03:19:30] [Server thread/INFO]: Arrow Despawn Rate: 1200 Trident Respawn Rate:1200
[03:19:30] [Server thread/INFO]: Zombie Aggressive Towards Villager: true
[03:19:30] [Server thread/INFO]: Nerfing mobs spawned from spawners: false
[03:19:30] [Server thread/INFO]: Mob Spawn Range: 4
[03:19:30] [Server thread/INFO]: Preparing start region for dimension minecraft:arena
[03:19:30] [Server thread/INFO]: Time elapsed: 13 ms
[03:19:30] [Server thread/INFO]: [Multiverse-Core] 8 - World(s) loaded.
[03:19:30] [Server thread/WARN]: [Multiverse-Core] Buscript failed to load! The script command will be disabled! If you would like not to see this message, use `/mv conf enablebuscript false` to disable Buscript from loading.
[03:19:30] [Server thread/INFO]: [Multiverse-Core] Version 4.3.1-b861 (API v24) Enabled - By dumptruckman, Rigby, fernferret, lithium3141 and main--
[03:19:30] [Server thread/INFO]: [Essentials] Enabling Essentials v2.21.0-dev+13-ee1111f
[03:19:30] [Server thread/WARN]: [Essentials] Version mismatch! Please update EssentialsSpawn to the same version.
[03:19:31] [Server thread/INFO]: [Essentials] Attempting to convert old kits in config.yml to new kits.yml
[03:19:31] [Server thread/INFO]: [Essentials] No kits found to migrate.
[03:19:31] [Server thread/INFO]: [Essentials] Loaded 39094 items from items.json.
[03:19:31] [Server thread/INFO]: [Essentials] Using locale en_US
[03:19:31] [Server thread/INFO]: [Essentials] ServerListPingEvent: Spigot iterator API
[03:19:31] [Server thread/INFO]: [Essentials] Starting Metrics. Opt-out using the global bStats config.
[03:19:31] [Server thread/INFO]: [Vault] [Economy] Essentials Economy hooked.
[03:19:31] [Server thread/INFO]: [Essentials] Using Vault based permissions (LuckPerms)
[03:19:31] [Server thread/INFO]: [EssentialsSpawn] Enabling EssentialsSpawn v2.21.0-dev+9-e3e52db
[03:19:31] [Server thread/WARN]: [EssentialsSpawn] Version mismatch! Please update all Essentials jars to the same version.
[03:19:31] [Server thread/INFO]: [EssentialsSpawn] Starting Metrics. Opt-out using the global bStats config.
[03:19:31] [Server thread/INFO]: [WorldGuard] Enabling WorldGuard v7.0.5+3827266
[03:19:31] [Server thread/INFO]: [WorldGuard] (World_1) TNT ignition is PERMITTED.
[03:19:31] [Server thread/INFO]: [WorldGuard] (World_1) Lighters are PERMITTED.
[03:19:31] [Server thread/INFO]: [WorldGuard] (World_1) Lava fire is PERMITTED.
[03:19:31] [Server thread/INFO]: [WorldGuard] (World_1) Fire spread is UNRESTRICTED.
[03:19:31] [Server thread/INFO]: [WorldGuard] Loaded configuration for world 'World_1'
[03:19:31] [Server thread/INFO]: [WorldGuard] (World_1_nether) TNT ignition is PERMITTED.
[03:19:31] [Server thread/INFO]: [WorldGuard] (World_1_nether) Lighters are PERMITTED.
[03:19:31] [Server thread/INFO]: [WorldGuard] (World_1_nether) Lava fire is PERMITTED.
[03:19:31] [Server thread/INFO]: [WorldGuard] (World_1_nether) Fire spread is UNRESTRICTED.
[03:19:31] [Server thread/INFO]: [WorldGuard] Loaded configuration for world 'World_1_nether'
[03:19:31] [Server thread/INFO]: [WorldGuard] (World_1_the_end) TNT ignition is PERMITTED.
[03:19:31] [Server thread/INFO]: [WorldGuard] (World_1_the_end) Lighters are PERMITTED.
[03:19:31] [Server thread/INFO]: [WorldGuard] (World_1_the_end) Lava fire is PERMITTED.
[03:19:31] [Server thread/INFO]: [WorldGuard] (World_1_the_end) Fire spread is UNRESTRICTED.
[03:19:31] [Server thread/INFO]: [WorldGuard] Loaded configuration for world 'World_1_the_end'
[03:19:31] [Server thread/INFO]: [WorldGuard] (flatroom) TNT ignition is PERMITTED.
[03:19:31] [Server thread/INFO]: [WorldGuard] (flatroom) Lighters are PERMITTED.
[03:19:31] [Server thread/INFO]: [WorldGuard] (flatroom) Lava fire is PERMITTED.
[03:19:31] [Server thread/INFO]: [WorldGuard] (flatroom) Fire spread is UNRESTRICTED.
[03:19:31] [Server thread/INFO]: [WorldGuard] Loaded configuration for world 'flatroom'
[03:19:31] [Server thread/INFO]: [WorldGuard] (world) TNT ignition is PERMITTED.
[03:19:31] [Server thread/INFO]: [WorldGuard] (world) Lighters are PERMITTED.
[03:19:31] [Server thread/INFO]: [WorldGuard] (world) Lava fire is PERMITTED.
[03:19:31] [Server thread/INFO]: [WorldGuard] (world) Fire spread is UNRESTRICTED.
[03:19:31] [Server thread/INFO]: [WorldGuard] Loaded configuration for world 'world'
[03:19:31] [Server thread/INFO]: [WorldGuard] (world_the_end) TNT ignition is PERMITTED.
[03:19:31] [Server thread/INFO]: [WorldGuard] (world_the_end) Lighters are PERMITTED.
[03:19:31] [Server thread/INFO]: [WorldGuard] (world_the_end) Lava fire is PERMITTED.
[03:19:31] [Server thread/INFO]: [WorldGuard] (world_the_end) Fire spread is UNRESTRICTED.
[03:19:31] [Server thread/INFO]: [WorldGuard] Loaded configuration for world 'world_the_end'
[03:19:31] [Server thread/INFO]: [WorldGuard] (world_nether) TNT ignition is PERMITTED.
[03:19:31] [Server thread/INFO]: [WorldGuard] (world_nether) Lighters are PERMITTED.
[03:19:31] [Server thread/INFO]: [WorldGuard] (world_nether) Lava fire is PERMITTED.
[03:19:31] [Server thread/INFO]: [WorldGuard] (world_nether) Fire spread is UNRESTRICTED.
[03:19:31] [Server thread/INFO]: [WorldGuard] Loaded configuration for world 'world_nether'
[03:19:31] [Server thread/INFO]: [WorldGuard] (arena) TNT ignition is PERMITTED.
[03:19:31] [Server thread/INFO]: [WorldGuard] (arena) Lighters are PERMITTED.
[03:19:31] [Server thread/INFO]: [WorldGuard] (arena) Lava fire is PERMITTED.
[03:19:31] [Server thread/INFO]: [WorldGuard] (arena) Fire spread is UNRESTRICTED.
[03:19:31] [Server thread/INFO]: [WorldGuard] Loaded configuration for world 'arena'
[03:19:31] [Server thread/INFO]: [WorldGuard] Loading region data...
[03:19:31] [Server thread/INFO]: [WESV] Enabling WorldEditSelectionVisualizer v2.1.5
[03:19:31] [Server thread/INFO]: [WESV] Using WorldEdit 7 api
[03:19:31] [Server thread/INFO]: [Citizens] Enabling Citizens v2.0.33-SNAPSHOT (build 3316)
[03:19:31] [Server thread/INFO]: [Citizens] Loading external libraries
[03:19:31] [Server thread/INFO]: [Citizens] Loaded economy handling via Vault.
[03:19:31] [Server thread/INFO]: [Skript] Enabling Skript v2.7.0-beta2
[03:19:32] [ForkJoinPool.commonPool-worker-3/INFO]: [Skript] Checking for updates failed. Do you have Internet connection?
[03:19:32] [ForkJoinPool.commonPool-worker-3/WARN]: java.util.concurrent.CompletionException: java.lang.RuntimeException: java.io.IOException: Server returned HTTP response code: 403 for URL: https://api.github.com/repos/SkriptLang/Skript/releases
[03:19:32] [ForkJoinPool.commonPool-worker-3/WARN]: 	at java.base/java.util.concurrent.CompletableFuture.encodeThrowable(CompletableFuture.java:314)
[03:19:32] [ForkJoinPool.commonPool-worker-3/WARN]: 	at java.base/java.util.concurrent.CompletableFuture.completeThrowable(CompletableFuture.java:319)
[03:19:32] [ForkJoinPool.commonPool-worker-3/WARN]: 	at java.base/java.util.concurrent.CompletableFuture$AsyncSupply.run(CompletableFuture.java:1766)
[03:19:32] [ForkJoinPool.commonPool-worker-3/WARN]: 	at java.base/java.util.concurrent.CompletableFuture$AsyncSupply.exec(CompletableFuture.java:1756)
[03:19:32] [ForkJoinPool.commonPool-worker-3/WARN]: 	at java.base/java.util.concurrent.ForkJoinTask.doExec(ForkJoinTask.java:295)
[03:19:32] [ForkJoinPool.commonPool-worker-3/WARN]: 	at java.base/java.util.concurrent.ForkJoinPool$WorkQueue.topLevelExec(ForkJoinPool.java:1016)
[03:19:32] [ForkJoinPool.commonPool-worker-3/WARN]: 	at java.base/java.util.concurrent.ForkJoinPool.scan(ForkJoinPool.java:1665)
[03:19:32] [ForkJoinPool.commonPool-worker-3/WARN]: 	at java.base/java.util.concurrent.ForkJoinPool.runWorker(ForkJoinPool.java:1598)
[03:19:32] [ForkJoinPool.commonPool-worker-3/WARN]: 	at java.base/java.util.concurrent.ForkJoinWorkerThread.run(ForkJoinWorkerThread.java:183)
[03:19:32] [ForkJoinPool.commonPool-worker-3/WARN]: Caused by: java.lang.RuntimeException: java.io.IOException: Server returned HTTP response code: 403 for URL: https://api.github.com/repos/SkriptLang/Skript/releases
[03:19:32] [ForkJoinPool.commonPool-worker-3/WARN]: 	at ch.njol.skript.update.GithubChecker.lambda$check$0(GithubChecker.java:111)
[03:19:32] [ForkJoinPool.commonPool-worker-3/WARN]: 	at java.base/java.util.concurrent.CompletableFuture$AsyncSupply.run(CompletableFuture.java:1764)
[03:19:32] [ForkJoinPool.commonPool-worker-3/WARN]: 	... 6 more
[03:19:32] [ForkJoinPool.commonPool-worker-3/WARN]: Caused by: java.io.IOException: Server returned HTTP response code: 403 for URL: https://api.github.com/repos/SkriptLang/Skript/releases
[03:19:32] [ForkJoinPool.commonPool-worker-3/WARN]: 	at java.base/sun.net.www.protocol.http.HttpURLConnection.getInputStream0(HttpURLConnection.java:1985)
[03:19:32] [ForkJoinPool.commonPool-worker-3/WARN]: 	at java.base/sun.net.www.protocol.http.HttpURLConnection.getInputStream(HttpURLConnection.java:1577)
[03:19:32] [ForkJoinPool.commonPool-worker-3/WARN]: 	at java.base/sun.net.www.protocol.https.HttpsURLConnectionImpl.getInputStream(HttpsURLConnectionImpl.java:224)
[03:19:32] [ForkJoinPool.commonPool-worker-3/WARN]: 	at java.base/java.net.URL.openStream(URL.java:1192)
[03:19:32] [ForkJoinPool.commonPool-worker-3/WARN]: 	at ch.njol.skript.update.GithubChecker.lambda$check$0(GithubChecker.java:105)
[03:19:32] [ForkJoinPool.commonPool-worker-3/WARN]: 	... 7 more
[03:19:36] [Server thread/INFO]: [Skript] Loaded 126712 aliases in 4093ms
[03:19:36] [Server thread/INFO]: [Skript]  ~ created by & ? Peter G?ttinger aka Njol ~
[03:19:36] [Server thread/INFO]: [skRayFall] Enabling skRayFall v1.9.28
[03:19:36] [Server thread/INFO]: [skRayFall] Yay! You are running skRayFall 1.9.28!
[03:19:36] [Server thread/INFO]: [skRayFall] Nathan and Lewis <3 you.
[03:19:36] [Server thread/INFO]: [skRayFall] Cooking Bacon...
[03:19:36] [Server thread/INFO]: [skRayFall] Getting more bacon for the army of citizens...
[03:19:36] [Server thread/INFO]: [skRayFall] Got bacon for the EffectLib particle ninjas!
[03:19:36] [Server thread/INFO]: [skRayFall] No Votifier Found! *Checks oven for finished bacon*
[03:19:36] [Server thread/INFO]: [skRayFall] Enabling general 1.8+ bacon!
[03:19:36] [Server thread/INFO]: [skRayFall] Getting the general 1.9+ bacon!
[03:19:36] [Server thread/INFO]: [skRayFall] Getting the extra special 1.16.4 bacon!
[03:19:36] [Server thread/INFO]: [skRayFall] Bacon is ready!
[03:19:36] [Server thread/INFO]: Running delayed init tasks
[03:19:36] [Craft Scheduler Thread - 4/INFO]: [ViaVersion] Finished mapping loading, shutting down loader executor!
[03:19:36] [Craft Scheduler Thread - 3/INFO]: [DecentHolograms] Loading holograms... 
[03:19:36] [Craft Scheduler Thread - 9/INFO]: [Essentials] Fetching version information...
[03:19:36] [Server thread/INFO]: [Essentials] Essentials found a compatible payment resolution method: Vault Compatibility Layer (v1.7.3-b131)!
[03:19:36] [Craft Scheduler Thread - 3/INFO]: [DecentHolograms] Loaded 5 holograms!
[03:19:36] [Server thread/INFO]: [Skript] Loading variables...
[03:19:36] [Server thread/INFO]: [Skript] Loaded 223 variables in 0.0 seconds
[03:19:36] [Craft Scheduler Thread - 1/INFO]: 
A newer version of DecentHolograms is available. Download it from: https://www.spigotmc.org/resources/96927/
[03:19:37] [Server thread/INFO]: [Skript] All scripts loaded without errors.
[03:19:37] [Server thread/INFO]: [Skript] Loaded 9 scripts with a total of 67 structures in 0.66 seconds
[03:19:37] [Server thread/INFO]: [Skript] Finished loading.
[03:19:37] [Server thread/INFO]: [Citizens] Loaded 7 NPCs.
[03:19:37] [Server thread/INFO]: Done (12.781s)! For help, type "help"
[03:19:37] [Server thread/INFO]: Timings Reset
[03:19:37] [Craft Scheduler Thread - 1/INFO]: [Vault] Checking for Updates ... 
[03:19:37] [Craft Scheduler Thread - 1/INFO]: [Vault] No new version available
[03:19:38] [Craft Scheduler Thread - 9/WARN]: [Essentials] Unable to check your version! Self-built? Build information: id:'ee1111f' branch:'2.x' isDev:true.
[03:19:52] [Server thread/INFO]: [Essentials] Created a User for BestEnderman25 (2e6ba262-5ac3-25b2-9617-09c7bb3a346e) for non Bukkit type: net.citizensnpcs.nms.v1_16_R3.entity.EntityHumanNPC$PlayerNPC
[03:20:01] [Server thread/INFO]: [Essentials] CONSOLE issued server command: /clear BestEnderman25 **
[03:20:01] [Server thread/INFO]: Error: Player not found.
[03:20:01] [Server thread/INFO]: BestEnderman25 drowned
[03:21:12] [User Authenticator #1/INFO]: UUID of player CalThePanda is bbb9c982-0bf1-47cf-b8e9-d4204d4665ba
[03:21:12] [Server thread/INFO]: [TAB] ViaVersion returned unknown protocol version 765 for player CalThePanda. This may result in plugin not working correctly for them.
[03:21:12] [Server thread/INFO]: CalThePanda joined the game
[03:21:12] [Server thread/INFO]: CalThePanda[/84.109.99.211:47606] logged in with entity id 352 at ([World_1]-689.1806654052948, 23.121296840539188, -170.77781755485537)
[03:22:45] [Server thread/INFO]: CalThePanda issued server command: /discortd
[03:22:46] [Server thread/INFO]: CalThePanda issued server command: /discord
